Build started 06/02/2015 18:58:07.
     1>Project "L:\work\c++ related stuff\bump map generator\BumpMapFromHeightMap\BumpMapFromHeightMap\BumpMapFromHeightMap.vcxproj" on node 2 (Build target(s)).
     1>ClCompile:
         C:\Program Files (x86)\Microsoft Visual Studio 11.0\VC\bin\CL.exe /c /Zi /nologo /W3 /WX- /sdl /O2 /Oi /Oy- /GL /D _MBCS /Gm- /EHsc /MD /GS /Gy /fp:precise /Zc:wchar_t /Zc:forScope /Fo"Release\\" /Fd"Release\vc110.pdb" /Gd /TP /analyze- /errorReport:prompt main.cpp Math.cpp
         main.cpp
     1>main.cpp(99): warning C4018: '<' : signed/unsigned mismatch
     1>main.cpp(103): warning C4018: '<' : signed/unsigned mismatch
     1>main.cpp(113): warning C4018: '<' : signed/unsigned mismatch
     1>main.cpp(117): warning C4018: '<' : signed/unsigned mismatch
     1>main.cpp(128): warning C4244: 'initializing' : conversion from 'unsigned int' to 'float', possible loss of data
     1>main.cpp(130): warning C4018: '<' : signed/unsigned mismatch
     1>main.cpp(132): warning C4018: '<' : signed/unsigned mismatch
     1>main.cpp(207): warning C4018: '<' : signed/unsigned mismatch
     1>main.cpp(209): warning C4018: '<' : signed/unsigned mismatch
     1>main.cpp(223): warning C4018: '<' : signed/unsigned mismatch
     1>main.cpp(308): warning C4018: '<' : signed/unsigned mismatch
     1>main.cpp(313): warning C4018: '<' : signed/unsigned mismatch
     1>main.cpp(336): warning C4018: '>' : signed/unsigned mismatch
     1>main.cpp(341): warning C4018: '>' : signed/unsigned mismatch
         Math.cpp
     1>Math.cpp(179): warning C4244: 'return' : conversion from 'double' to 'float', possible loss of data
     1>Math.cpp(184): warning C4244: 'return' : conversion from 'double' to 'float', possible loss of data
       Link:
         C:\Program Files (x86)\Microsoft Visual Studio 11.0\VC\bin\link.exe /ERRORREPORT:PROMPT /OUT:"L:\work\c++ related stuff\bump map generator\BumpMapFromHeightMap\Release\BumpMapFromHeightMap.exe" /NOLOGO kernel32.lib user32.lib gdi32.lib winspool.lib comdlg32.lib advapi32.lib shell32.lib ole32.lib oleaut32.lib uuid.lib odbc32.lib odbccp32.lib /MANIFEST /MANIFESTUAC:"level='asInvoker' uiAccess='false'" /manifest:embed /DEBUG /PDB:"L:\work\c++ related stuff\bump map generator\BumpMapFromHeightMap\Release\BumpMapFromHeightMap.pdb" /OPT:REF /OPT:ICF /LTCG /TLBID:1 /DYNAMICBASE /NXCOMPAT /IMPLIB:"L:\work\c++ related stuff\bump map generator\BumpMapFromHeightMap\Release\BumpMapFromHeightMap.lib" /MACHINE:X86 /SAFESEH Release\main.obj
         Release\Math.obj
         Generating code
         Finished generating code
         BumpMapFromHeightMap.vcxproj -> L:\work\c++ related stuff\bump map generator\BumpMapFromHeightMap\Release\BumpMapFromHeightMap.exe
     1>Done Building Project "L:\work\c++ related stuff\bump map generator\BumpMapFromHeightMap\BumpMapFromHeightMap\BumpMapFromHeightMap.vcxproj" (Build target(s)).

Build succeeded.

Time Elapsed 00:00:04.79
